<?xml version="1.0" encoding="UTF-8"?>
<testng-results skipped="0" failed="1" ignored="0" total="9" passed="8">
  <reporter-output>
  </reporter-output>
  <suite name="STS Assignment Automation Test" duration-ms="49235" started-at="2021-11-30T23:40:27Z" finished-at="2021-11-30T23:41:17Z">
    <groups>
    </groups>
    <test name="STS_Assignment" duration-ms="49235" started-at="2021-11-30T23:40:27Z" finished-at="2021-11-30T23:41:17Z">
      <class name="sts.com.qa.testcases.RowSelectionTest">
        <test-method status="PASS" signature="setUp()[pri:0, instance:sts.com.qa.testcases.RowSelectionTest@4313f5bc]" name="setUp" is-config="true" duration-ms="4608" started-at="2021-11-30T15:41:00Z" finished-at="2021-11-30T15:41:05Z">
          <reporter-output>
          </reporter-output>
        </test-method> <!-- setUp -->
        <test-method status="PASS" signature="Siblingrow()[pri:0, instance:sts.com.qa.testcases.RowSelectionTest@4313f5bc]" name="Siblingrow" duration-ms="0" started-at="2021-11-30T15:41:05Z" finished-at="2021-11-30T15:41:05Z">
          <reporter-output>
          </reporter-output>
        </test-method> <!-- Siblingrow -->
        <test-method status="PASS" signature="tearDown()[pri:0, instance:sts.com.qa.testcases.RowSelectionTest@4313f5bc]" name="tearDown" is-config="true" duration-ms="828" started-at="2021-11-30T15:41:05Z" finished-at="2021-11-30T15:41:06Z">
          <reporter-output>
          </reporter-output>
        </test-method> <!-- tearDown -->
        <test-method status="PASS" signature="setUp()[pri:0, instance:sts.com.qa.testcases.RowSelectionTest@4313f5bc]" name="setUp" is-config="true" duration-ms="4548" started-at="2021-11-30T15:41:06Z" finished-at="2021-11-30T15:41:10Z">
          <reporter-output>
          </reporter-output>
        </test-method> <!-- setUp -->
        <test-method status="PASS" signature="row1()[pri:0, instance:sts.com.qa.testcases.RowSelectionTest@4313f5bc]" name="row1" duration-ms="0" started-at="2021-11-30T15:41:10Z" finished-at="2021-11-30T15:41:10Z">
          <reporter-output>
          </reporter-output>
        </test-method> <!-- row1 -->
        <test-method status="PASS" signature="tearDown()[pri:0, instance:sts.com.qa.testcases.RowSelectionTest@4313f5bc]" name="tearDown" is-config="true" duration-ms="713" started-at="2021-11-30T15:41:10Z" finished-at="2021-11-30T15:41:11Z">
          <reporter-output>
          </reporter-output>
        </test-method> <!-- tearDown -->
        <test-method status="PASS" signature="setUp()[pri:0, instance:sts.com.qa.testcases.RowSelectionTest@4313f5bc]" name="setUp" is-config="true" duration-ms="4736" started-at="2021-11-30T15:41:11Z" finished-at="2021-11-30T15:41:16Z">
          <reporter-output>
          </reporter-output>
        </test-method> <!-- setUp -->
        <test-method status="PASS" signature="tearDown()[pri:0, instance:sts.com.qa.testcases.RowSelectionTest@4313f5bc]" name="tearDown" is-config="true" duration-ms="852" started-at="2021-11-30T15:41:16Z" finished-at="2021-11-30T15:41:17Z">
          <reporter-output>
          </reporter-output>
        </test-method> <!-- tearDown -->
        <test-method status="PASS" signature="verifypagetitleTest()[pri:0, instance:sts.com.qa.testcases.RowSelectionTest@4313f5bc]" name="verifypagetitleTest" duration-ms="0" started-at="2021-11-30T15:41:16Z" finished-at="2021-11-30T15:41:16Z">
          <reporter-output>
          </reporter-output>
        </test-method> <!-- verifypagetitleTest -->
      </class> <!-- sts.com.qa.testcases.RowSelectionTest -->
      <class name="sts.com.qa.testcases.LoginPageTest">
        <test-method status="PASS" signature="setUp()[pri:0, instance:sts.com.qa.testcases.LoginPageTest@75329a49]" name="setUp" is-config="true" duration-ms="4847" started-at="2021-11-30T15:40:27Z" finished-at="2021-11-30T15:40:32Z">
          <reporter-output>
          </reporter-output>
        </test-method> <!-- setUp -->
        <test-method status="FAIL" signature="correctEmailwronPwdTest()[pri:0, instance:sts.com.qa.testcases.LoginPageTest@75329a49]" name="correctEmailwronPwdTest" duration-ms="454" started-at="2021-11-30T15:40:32Z" finished-at="2021-11-30T15:40:33Z">
          <exception class="java.lang.AssertionError">
            <message>
              <![CDATA[expected [Your password is invalid!
ﾃ余 but found [Your password is invalid!
ﾃ余]]>
            </message>
            <full-stacktrace>
              <![CDATA[java.lang.AssertionError: expected [Your password is invalid!
ﾃ余 but found [Your password is invalid!
ﾃ余
	at org.testng.Assert.fail(Assert.java:93)
	at org.testng.Assert.failNotEquals(Assert.java:512)
	at org.testng.Assert.assertEqualsImpl(Assert.java:134)
	at org.testng.Assert.assertEquals(Assert.java:115)
	at org.testng.Assert.assertEquals(Assert.java:189)
	at org.testng.Assert.assertEquals(Assert.java:199)
	at sts.com.qa.testcases.LoginPageTest.correctEmailwronPwdTest(LoginPageTest.java:45)
	at sun.reflect.NativeMethodAccessorImpl.invoke0(Native Method)
	at sun.reflect.NativeMethodAccessorImpl.invoke(Unknown Source)
	at sun.reflect.DelegatingMethodAccessorImpl.invoke(Unknown Source)
	at java.lang.reflect.Method.invoke(Unknown Source)
	at org.testng.internal.MethodInvocationHelper.invokeMethod(MethodInvocationHelper.java:108)
	at org.testng.internal.Invoker.invokeMethod(Invoker.java:661)
	at org.testng.internal.Invoker.invokeTestMethod(Invoker.java:869)
	at org.testng.internal.Invoker.invokeTestMethods(Invoker.java:1193)
	at org.testng.internal.TestMethodWorker.invokeTestMethods(TestMethodWorker.java:126)
	at org.testng.internal.TestMethodWorker.run(TestMethodWorker.java:109)
	at org.testng.TestRunner.privateRun(TestRunner.java:744)
	at org.testng.TestRunner.run(TestRunner.java:602)
	at org.testng.SuiteRunner.runTest(SuiteRunner.java:380)
	at org.testng.SuiteRunner.runSequentially(SuiteRunner.java:375)
	at org.testng.SuiteRunner.privateRun(SuiteRunner.java:340)
	at org.testng.SuiteRunner.run(SuiteRunner.java:289)
	at org.testng.SuiteRunnerWorker.runSuite(SuiteRunnerWorker.java:52)
	at org.testng.SuiteRunnerWorker.run(SuiteRunnerWorker.java:86)
	at org.testng.TestNG.runSuitesSequentially(TestNG.java:1301)
	at org.testng.TestNG.runSuitesLocally(TestNG.java:1226)
	at org.testng.TestNG.runSuites(TestNG.java:1144)
	at org.testng.TestNG.run(TestNG.java:1115)
	at org.testng.remote.AbstractRemoteTestNG.run(AbstractRemoteTestNG.java:132)
	at org.testng.remote.RemoteTestNG.initAndRun(RemoteTestNG.java:230)
	at org.testng.remote.RemoteTestNG.main(RemoteTestNG.java:76)
]]>
            </full-stacktrace>
          </exception> <!-- java.lang.AssertionError -->
          <reporter-output>
          </reporter-output>
        </test-method> <!-- correctEmailwronPwdTest -->
        <test-method status="PASS" signature="tearDown()[pri:0, instance:sts.com.qa.testcases.LoginPageTest@75329a49]" name="tearDown" is-config="true" duration-ms="658" started-at="2021-11-30T15:40:33Z" finished-at="2021-11-30T15:40:33Z">
          <reporter-output>
          </reporter-output>
        </test-method> <!-- tearDown -->
        <test-method status="PASS" signature="setUp()[pri:0, instance:sts.com.qa.testcases.LoginPageTest@75329a49]" name="setUp" is-config="true" duration-ms="4015" started-at="2021-11-30T15:40:33Z" finished-at="2021-11-30T15:40:37Z">
          <reporter-output>
          </reporter-output>
        </test-method> <!-- setUp -->
        <test-method status="PASS" signature="loginSuccessfulTest()[pri:0, instance:sts.com.qa.testcases.LoginPageTest@75329a49]" name="loginSuccessfulTest" duration-ms="529" started-at="2021-11-30T15:40:37Z" finished-at="2021-11-30T15:40:38Z">
          <reporter-output>
          </reporter-output>
        </test-method> <!-- loginSuccessfulTest -->
        <test-method status="PASS" signature="tearDown()[pri:0, instance:sts.com.qa.testcases.LoginPageTest@75329a49]" name="tearDown" is-config="true" duration-ms="814" started-at="2021-11-30T15:40:38Z" finished-at="2021-11-30T15:40:39Z">
          <reporter-output>
          </reporter-output>
        </test-method> <!-- tearDown -->
        <test-method status="PASS" signature="setUp()[pri:0, instance:sts.com.qa.testcases.LoginPageTest@75329a49]" name="setUp" is-config="true" duration-ms="3962" started-at="2021-11-30T15:40:39Z" finished-at="2021-11-30T15:40:43Z">
          <reporter-output>
          </reporter-output>
        </test-method> <!-- setUp -->
        <test-method status="PASS" signature="loginTitleTest()[pri:0, instance:sts.com.qa.testcases.LoginPageTest@75329a49]" name="loginTitleTest" duration-ms="16" started-at="2021-11-30T15:40:43Z" finished-at="2021-11-30T15:40:43Z">
          <reporter-output>
          </reporter-output>
        </test-method> <!-- loginTitleTest -->
        <test-method status="PASS" signature="tearDown()[pri:0, instance:sts.com.qa.testcases.LoginPageTest@75329a49]" name="tearDown" is-config="true" duration-ms="884" started-at="2021-11-30T15:40:43Z" finished-at="2021-11-30T15:40:44Z">
          <reporter-output>
          </reporter-output>
        </test-method> <!-- tearDown -->
      </class> <!-- sts.com.qa.testcases.LoginPageTest -->
      <class name="sts.com.qa.testcases.HomePageTest">
        <test-method status="PASS" signature="setUp()[pri:0, instance:sts.com.qa.testcases.HomePageTest@161479c6]" name="setUp" is-config="true" duration-ms="4471" started-at="2021-11-30T15:40:44Z" finished-at="2021-11-30T15:40:48Z">
          <reporter-output>
          </reporter-output>
        </test-method> <!-- setUp -->
        <test-method status="PASS" signature="homepagetitle()[pri:0, instance:sts.com.qa.testcases.HomePageTest@161479c6]" name="homepagetitle" duration-ms="19" started-at="2021-11-30T15:40:48Z" finished-at="2021-11-30T15:40:48Z">
          <reporter-output>
          </reporter-output>
        </test-method> <!-- homepagetitle -->
        <test-method status="PASS" signature="tearDown()[pri:0, instance:sts.com.qa.testcases.HomePageTest@161479c6]" name="tearDown" is-config="true" duration-ms="869" started-at="2021-11-30T15:40:48Z" finished-at="2021-11-30T15:40:49Z">
          <reporter-output>
          </reporter-output>
        </test-method> <!-- tearDown -->
        <test-method status="PASS" signature="setUp()[pri:0, instance:sts.com.qa.testcases.HomePageTest@161479c6]" name="setUp" is-config="true" duration-ms="4460" started-at="2021-11-30T15:40:49Z" finished-at="2021-11-30T15:40:53Z">
          <reporter-output>
          </reporter-output>
        </test-method> <!-- setUp -->
        <test-method status="PASS" signature="signoutbtntest()[pri:0, instance:sts.com.qa.testcases.HomePageTest@161479c6]" name="signoutbtntest" duration-ms="50" started-at="2021-11-30T15:40:53Z" finished-at="2021-11-30T15:40:53Z">
          <reporter-output>
          </reporter-output>
        </test-method> <!-- signoutbtntest -->
        <test-method status="PASS" signature="tearDown()[pri:0, instance:sts.com.qa.testcases.HomePageTest@161479c6]" name="tearDown" is-config="true" duration-ms="867" started-at="2021-11-30T15:40:53Z" finished-at="2021-11-30T15:40:54Z">
          <reporter-output>
          </reporter-output>
        </test-method> <!-- tearDown -->
        <test-method status="PASS" signature="setUp()[pri:0, instance:sts.com.qa.testcases.HomePageTest@161479c6]" name="setUp" is-config="true" duration-ms="5021" started-at="2021-11-30T15:40:54Z" finished-at="2021-11-30T15:40:59Z">
          <reporter-output>
          </reporter-output>
        </test-method> <!-- setUp -->
        <test-method status="PASS" signature="verifycorrectlogin()[pri:0, instance:sts.com.qa.testcases.HomePageTest@161479c6]" name="verifycorrectlogin" duration-ms="61" started-at="2021-11-30T15:40:59Z" finished-at="2021-11-30T15:40:59Z">
          <reporter-output>
          </reporter-output>
        </test-method> <!-- verifycorrectlogin -->
        <test-method status="PASS" signature="tearDown()[pri:0, instance:sts.com.qa.testcases.HomePageTest@161479c6]" name="tearDown" is-config="true" duration-ms="886" started-at="2021-11-30T15:40:59Z" finished-at="2021-11-30T15:41:00Z">
          <reporter-output>
          </reporter-output>
        </test-method> <!-- tearDown -->
      </class> <!-- sts.com.qa.testcases.HomePageTest -->
    </test> <!-- STS_Assignment -->
  </suite> <!-- STS Assignment Automation Test -->
</testng-results>
