<?xml version="1.0" encoding="UTF-8"?>
<!-- Generated by org.testng.reporters.JUnitXMLReporter -->
<testsuite hostname="LAPTOP-8UTOJL72" ignored="0" name="STS_Assignment" tests="9" failures="1" timestamp="30 Nov 2021 23:41:17 GMT" time="49.235" errors="0">
  <testcase name="correctEmailwronPwdTest" time="0.454" classname="sts.com.qa.testcases.LoginPageTest">
    <failure type="java.lang.AssertionError" message="expected [Your password is invalid!
ﾃ余 but found [Your password is invalid!
ﾃ余">
      <![CDATA[java.lang.AssertionError: expected [Your password is invalid!
ﾃ余 but found [Your password is invalid!
ﾃ余
	at sts.com.qa.testcases.LoginPageTest.correctEmailwronPwdTest(LoginPageTest.java:45)
... Removed 31 stack frames]]>
    </failure>
  </testcase> <!-- correctEmailwronPwdTest -->
  <testcase name="loginSuccessfulTest" time="0.529" classname="sts.com.qa.testcases.LoginPageTest"/>
  <testcase name="loginTitleTest" time="0.016" classname="sts.com.qa.testcases.LoginPageTest"/>
  <testcase name="homepagetitle" time="0.019" classname="sts.com.qa.testcases.HomePageTest"/>
  <testcase name="signoutbtntest" time="0.05" classname="sts.com.qa.testcases.HomePageTest"/>
  <testcase name="verifycorrectlogin" time="0.061" classname="sts.com.qa.testcases.HomePageTest"/>
  <testcase name="Siblingrow" time="0.0" classname="sts.com.qa.testcases.RowSelectionTest"/>
  <testcase name="row1" time="0.0" classname="sts.com.qa.testcases.RowSelectionTest"/>
  <testcase name="verifypagetitleTest" time="0.0" classname="sts.com.qa.testcases.RowSelectionTest"/>
</testsuite> <!-- STS_Assignment -->
